2025-03-18 01:24:01,012:INFO:Logging has started
2025-03-18 01:24:10,535:INFO:Divide by zero error occurred
2025-03-18 01:56:26,665:INFO:Data Ingestion method started
2025-03-18 01:56:26,669:INFO:Data Ingestion method completed
2025-03-18 01:56:26,674:INFO:Train test split initiated
2025-03-18 01:56:26,679:INFO:Ingestion of data completed
2025-03-18 01:57:31,424:INFO:Data Ingestion method started
2025-03-18 01:57:31,427:INFO:Data Ingestion method completed
2025-03-18 19:48:32,768:INFO:Data Ingestion method started
2025-03-18 19:48:32,784:INFO:Data Ingestion method completed
2025-03-18 19:48:42,531:INFO:Data Ingestion method started
2025-03-18 19:48:42,565:INFO:Data Ingestion method completed
2025-03-18 19:55:31,066:INFO:Data Ingestion method started
2025-03-18 19:55:31,112:INFO:Data Ingestion method completed
2025-03-18 19:55:49,360:INFO:Data Ingestion method started
2025-03-18 19:55:49,366:INFO:Data Ingestion method completed
2025-03-18 19:57:04,485:INFO:TERI MKC
2025-03-18 19:58:15,579:INFO:TERI MKC
2025-03-18 19:58:46,703:INFO:TERI MKC
2025-03-18 19:58:46,705:INFO:Entered the data ingestion method or component
2025-03-18 19:59:21,560:INFO:TERI MKC
2025-03-18 19:59:21,561:INFO:Entered the data ingestion method or component
2025-03-18 19:59:21,567:INFO:Read the dataset as dataframe
2025-03-18 19:59:21,580:INFO:Train test split initiated
2025-03-18 19:59:21,592:INFO:Inmgestion of the data iss completed
2025-03-18 19:59:21,599:INFO:Read train and test data completed
2025-03-18 19:59:21,599:INFO:Obtaining preprocessing object
2025-03-18 19:59:21,599:INFO:Categorical columns: ['gender', 'race_ethnicity', 'parental_level_of_education', 'lunch', 'test_preparation_course']
2025-03-18 19:59:21,599:INFO:Numerical columns: ['writing_score', 'reading_score']
2025-03-18 19:59:54,676:INFO:TERI MKC
2025-03-18 20:00:36,686:INFO:TERI MKC
2025-03-18 20:02:31,128:INFO:Entered the data transformation method or component
2025-03-18 20:02:31,133:INFO:Read the dataset as dataframe
2025-03-18 20:02:31,167:INFO:Train test split initiated
2025-03-18 20:55:57,229:INFO:Data Ingestion method started
2025-03-18 20:55:57,246:INFO:Data Ingestion method completed
2025-03-18 21:16:43,752:INFO:Data Ingestion method started
2025-03-18 21:16:43,763:INFO:Data Ingestion method completed
2025-03-18 21:19:54,811:INFO:Data Ingestion method started
2025-03-18 21:19:54,818:INFO:Data Ingestion method completed
2025-03-18 21:22:27,836:INFO:Entered the data ingestion method or component
2025-03-18 21:22:49,637:INFO:Entered the data ingestion method or component
2025-03-18 21:22:49,673:INFO:Read the dataset as dataframe
2025-03-18 21:22:49,679:INFO:Train test split initiated
2025-03-18 21:22:49,687:INFO:Inmgestion of the data iss completed
2025-03-18 21:22:49,694:INFO:Read train and test data completed
2025-03-18 21:22:49,694:INFO:Obtaining preprocessing object
2025-03-18 21:22:49,694:INFO:Numerical columns encoding complete
2025-03-18 21:22:49,694:INFO:Categorical columns encoding complete
2025-03-18 21:22:49,694:INFO:numerical_columns: ['reading_score', 'writing_score']
2025-03-18 21:22:49,694:INFO:categorical_columns: ['gender', 'race_ethnicity', 'parental_level_of_education', 'lunch', 'test_preparation_course']
2025-03-18 21:24:14,031:INFO:Entered the data ingestion method or component
2025-03-18 21:24:14,034:INFO:Read the dataset as dataframe
2025-03-18 21:24:14,038:INFO:Train test split initiated
2025-03-18 21:24:14,043:INFO:Inmgestion of the data iss completed
2025-03-18 21:24:14,047:INFO:Read train and test data completed
2025-03-18 21:24:14,047:INFO:Obtaining preprocessing object
2025-03-18 21:24:14,047:INFO:Numerical columns encoding complete
2025-03-18 21:24:14,047:INFO:Categorical columns encoding complete
2025-03-18 21:24:14,047:INFO:numerical_columns: ['reading score', 'writing score']
2025-03-18 21:24:14,048:INFO:categorical_columns: ['gender', 'race/ethnicity', 'parental level of education', 'lunch', 'test preparation course']
2025-03-18 21:24:14,079:INFO:input_feature_train_df: (800, 7) target_feature_train_df: (800,)
2025-03-18 21:26:02,252:INFO:Entered the data ingestion method or component
2025-03-18 21:26:02,258:INFO:Read the dataset as dataframe
2025-03-18 21:26:02,263:INFO:Train test split initiated
2025-03-18 21:26:02,269:INFO:Inmgestion of the data iss completed
2025-03-18 21:26:02,273:INFO:Read train and test data completed
2025-03-18 21:26:02,273:INFO:Obtaining preprocessing object
2025-03-18 21:26:02,274:INFO:Numerical columns encoding complete
2025-03-18 21:26:02,274:INFO:Categorical columns encoding complete
2025-03-18 21:26:02,274:INFO:numerical_columns: ['reading score', 'writing score']
2025-03-18 21:26:02,274:INFO:categorical_columns: ['gender', 'race/ethnicity', 'parental level of education', 'lunch', 'test preparation course']
2025-03-18 21:26:02,275:INFO:input_feature_train_df: (800, 7) target_feature_train_df: (800,)
2025-03-18 21:26:02,295:INFO:Train array shape: (800, 20)
2025-03-18 21:26:02,296:INFO:Test array shape: (200, 20)
2025-03-18 22:08:59,572:INFO:Entered the data ingestion method or component
2025-03-18 22:08:59,591:INFO:Read the dataset as dataframe
2025-03-18 22:08:59,604:INFO:Train test split initiated
2025-03-18 22:08:59,621:INFO:Inmgestion of the data iss completed
2025-03-18 22:08:59,630:INFO:Read train and test data completed
2025-03-18 22:08:59,631:INFO:Obtaining preprocessing object
2025-03-18 22:08:59,631:INFO:Numerical columns encoding complete
2025-03-18 22:08:59,631:INFO:Categorical columns encoding complete
2025-03-18 22:08:59,631:INFO:numerical_columns: ['reading score', 'writing score']
2025-03-18 22:08:59,631:INFO:categorical_columns: ['gender', 'race/ethnicity', 'parental level of education', 'lunch', 'test preparation course']
2025-03-18 22:08:59,635:INFO:input_feature_train_df: (800, 7) target_feature_train_df: (800,)
2025-03-18 22:08:59,671:INFO:Train array shape: (800, 20)
2025-03-18 22:08:59,671:INFO:Test array shape: (200, 20)
2025-03-18 22:08:59,680:INFO:Entered the model training method or component
2025-03-18 22:11:14,091:INFO:Entered the data ingestion method or component
2025-03-18 22:11:14,099:INFO:Read the dataset as dataframe
2025-03-18 22:11:14,107:INFO:Train test split initiated
2025-03-18 22:11:14,115:INFO:Inmgestion of the data iss completed
2025-03-18 22:11:14,122:INFO:Read train and test data completed
2025-03-18 22:11:14,122:INFO:Obtaining preprocessing object
2025-03-18 22:11:14,122:INFO:Numerical columns encoding complete
2025-03-18 22:11:14,122:INFO:Categorical columns encoding complete
2025-03-18 22:11:14,122:INFO:numerical_columns: ['reading score', 'writing score']
2025-03-18 22:11:14,122:INFO:categorical_columns: ['gender', 'race/ethnicity', 'parental level of education', 'lunch', 'test preparation course']
2025-03-18 22:11:14,125:INFO:input_feature_train_df: (800, 7) target_feature_train_df: (800,)
2025-03-18 22:11:14,149:INFO:Train array shape: (800, 20)
2025-03-18 22:11:14,149:INFO:Test array shape: (200, 20)
2025-03-18 22:11:14,155:INFO:Entered the model training method or component
2025-03-18 22:11:18,626:INFO:Best model found on both training and testing dataset
2025-03-18 22:11:51,712:INFO:Entered the data ingestion method or component
2025-03-18 22:11:51,718:INFO:Read the dataset as dataframe
2025-03-18 22:11:51,724:INFO:Train test split initiated
2025-03-18 22:11:51,731:INFO:Inmgestion of the data iss completed
2025-03-18 22:11:51,736:INFO:Read train and test data completed
2025-03-18 22:11:51,736:INFO:Obtaining preprocessing object
2025-03-18 22:11:51,736:INFO:Numerical columns encoding complete
2025-03-18 22:11:51,736:INFO:Categorical columns encoding complete
2025-03-18 22:11:51,736:INFO:numerical_columns: ['reading score', 'writing score']
2025-03-18 22:11:51,736:INFO:categorical_columns: ['gender', 'race/ethnicity', 'parental level of education', 'lunch', 'test preparation course']
2025-03-18 22:11:51,738:INFO:input_feature_train_df: (800, 7) target_feature_train_df: (800,)
2025-03-18 22:11:51,758:INFO:Train array shape: (800, 20)
2025-03-18 22:11:51,758:INFO:Test array shape: (200, 20)
2025-03-18 22:11:51,764:INFO:Entered the model training method or component
2025-03-18 22:11:55,811:INFO:Best model found on both training and testing dataset
2025-03-18 22:21:50,133:INFO:Entered the data ingestion method or component
2025-03-18 22:21:50,139:INFO:Read the dataset as dataframe
2025-03-18 22:21:50,145:INFO:Train test split initiated
2025-03-18 22:21:50,152:INFO:Inmgestion of the data iss completed
2025-03-18 22:21:50,157:INFO:Read train and test data completed
2025-03-18 22:21:50,157:INFO:Obtaining preprocessing object
2025-03-18 22:21:50,157:INFO:Numerical columns encoding complete
2025-03-18 22:21:50,157:INFO:Categorical columns encoding complete
2025-03-18 22:21:50,158:INFO:numerical_columns: ['reading score', 'writing score']
2025-03-18 22:21:50,158:INFO:categorical_columns: ['gender', 'race/ethnicity', 'parental level of education', 'lunch', 'test preparation course']
2025-03-18 22:21:50,159:INFO:input_feature_train_df: (800, 7) target_feature_train_df: (800,)
2025-03-18 22:21:50,178:INFO:Train array shape: (800, 20)
2025-03-18 22:21:50,179:INFO:Test array shape: (200, 20)
2025-03-18 22:21:50,184:INFO:Entered the model training method or component
2025-03-18 22:21:54,115:INFO:Best model found on both training and testing dataset
